<?xml version="1.0" encoding="UTF-8"?>
<!-- Generated by org.testng.reporters.JUnitReportReporter -->
<testsuite skipped="1" hostname="Hp-PC" name="com.selenium.testCase.BookFlight" tests="2" failures="0" timestamp="03 Feb 2019 17:26:44 GMT" time="101.445" errors="0">
  <testcase name="register" time="101.445" classname="com.selenium.testCase.BookFlight"/>
  <testcase name="bookFlight" classname="com.selenium.testCase.BookFlight">
    <skipped/>
  </testcase> <!-- bookFlight -->
</testsuite> <!-- com.selenium.testCase.BookFlight -->
